{"/Users/jeanjacquesbuhendwa/Desktop/js-testing-jest/calculator.js": {"path":"/Users/jeanjacquesbuhendwa/Desktop/js-testing-jest/calculator.js","statementMap":{"0":{"start":{"line":1,"column":19},"end":{"line":16,"column":1}},"1":{"start":{"line":3,"column":2},"end":{"line":13,"column":3}},"2":{"start":{"line":4,"column":4},"end":{"line":4,"column":25}},"3":{"start":{"line":5,"column":9},"end":{"line":13,"column":3}},"4":{"start":{"line":6,"column":4},"end":{"line":6,"column":25}},"5":{"start":{"line":7,"column":9},"end":{"line":13,"column":3}},"6":{"start":{"line":8,"column":4},"end":{"line":8,"column":25}},"7":{"start":{"line":9,"column":9},"end":{"line":13,"column":3}},"8":{"start":{"line":10,"column":4},"end":{"line":10,"column":25}},"9":{"start":{"line":12,"column":4},"end":{"line":12,"column":41}},"10":{"start":{"line":15,"column":2},"end":{"line":15,"column":16}},"11":{"start":{"line":18,"column":0},"end":{"line":18,"column":28}}},"fnMap":{"0":{"name":"(anonymous_0)","decl":{"start":{"line":1,"column":19},"end":{"line":1,"column":20}},"loc":{"start":{"line":1,"column":45},"end":{"line":16,"column":1}},"line":1}},"branchMap":{"0":{"loc":{"start":{"line":3,"column":2},"end":{"line":13,"column":3}},"type":"if","locations":[{"start":{"line":3,"column":2},"end":{"line":13,"column":3}},{"start":{"line":5,"column":9},"end":{"line":13,"column":3}}],"line":3},"1":{"loc":{"start":{"line":5,"column":9},"end":{"line":13,"column":3}},"type":"if","locations":[{"start":{"line":5,"column":9},"end":{"line":13,"column":3}},{"start":{"line":7,"column":9},"end":{"line":13,"column":3}}],"line":5},"2":{"loc":{"start":{"line":7,"column":9},"end":{"line":13,"column":3}},"type":"if","locations":[{"start":{"line":7,"column":9},"end":{"line":13,"column":3}},{"start":{"line":9,"column":9},"end":{"line":13,"column":3}}],"line":7},"3":{"loc":{"start":{"line":9,"column":9},"end":{"line":13,"column":3}},"type":"if","locations":[{"start":{"line":9,"column":9},"end":{"line":13,"column":3}},{"start":{"line":11,"column":9},"end":{"line":13,"column":3}}],"line":9}},"s":{"0":1,"1":5,"2":1,"3":4,"4":1,"5":3,"6":1,"7":2,"8":1,"9":1,"10":5,"11":1},"f":{"0":5},"b":{"0":[1,4],"1":[1,3],"2":[1,2],"3":[1,1]},"_coverageSchema":"1a1c01bbd47fc00a2c39e90264f33305004495a9","hash":"c26f550714751e69ed30f3c8b4e3ea0a6fb7a8f9"}
,"/Users/jeanjacquesbuhendwa/Desktop/js-testing-jest/index.js": {"path":"/Users/jeanjacquesbuhendwa/Desktop/js-testing-jest/index.js","statementMap":{"0":{"start":{"line":1,"column":21},"end":{"line":9,"column":1}},"1":{"start":{"line":2,"column":2},"end":{"line":4,"column":3}},"2":{"start":{"line":3,"column":4},"end":{"line":3,"column":50}},"3":{"start":{"line":5,"column":2},"end":{"line":7,"column":3}},"4":{"start":{"line":6,"column":4},"end":{"line":6,"column":59}},"5":{"start":{"line":8,"column":2},"end":{"line":8,"column":20}},"6":{"start":{"line":11,"column":0},"end":{"line":11,"column":30}}},"fnMap":{"0":{"name":"(anonymous_0)","decl":{"start":{"line":1,"column":21},"end":{"line":1,"column":22}},"loc":{"start":{"line":1,"column":30},"end":{"line":9,"column":1}},"line":1}},"branchMap":{"0":{"loc":{"start":{"line":2,"column":2},"end":{"line":4,"column":3}},"type":"if","locations":[{"start":{"line":2,"column":2},"end":{"line":4,"column":3}},{"start":{},"end":{}}],"line":2},"1":{"loc":{"start":{"line":5,"column":2},"end":{"line":7,"column":3}},"type":"if","locations":[{"start":{"line":5,"column":2},"end":{"line":7,"column":3}},{"start":{},"end":{}}],"line":5}},"s":{"0":1,"1":3,"2":1,"3":2,"4":1,"5":1,"6":1},"f":{"0":3},"b":{"0":[1,2],"1":[1,1]},"_coverageSchema":"1a1c01bbd47fc00a2c39e90264f33305004495a9","hash":"82755c5d3bcd9f8dcfba393399d17a4eb79640c6"}
,"/Users/jeanjacquesbuhendwa/Desktop/js-testing-jest/reverse.js": {"path":"/Users/jeanjacquesbuhendwa/Desktop/js-testing-jest/reverse.js","statementMap":{"0":{"start":{"line":1,"column":22},"end":{"line":7,"column":1}},"1":{"start":{"line":2,"column":15},"end":{"line":2,"column":17}},"2":{"start":{"line":3,"column":2},"end":{"line":5,"column":3}},"3":{"start":{"line":3,"column":15},"end":{"line":3,"column":29}},"4":{"start":{"line":4,"column":4},"end":{"line":4,"column":21}},"5":{"start":{"line":6,"column":2},"end":{"line":6,"column":16}},"6":{"start":{"line":9,"column":0},"end":{"line":9,"column":31}}},"fnMap":{"0":{"name":"(anonymous_0)","decl":{"start":{"line":1,"column":22},"end":{"line":1,"column":23}},"loc":{"start":{"line":1,"column":31},"end":{"line":7,"column":1}},"line":1}},"branchMap":{},"s":{"0":1,"1":1,"2":1,"3":1,"4":5,"5":1,"6":1},"f":{"0":1},"b":{},"_coverageSchema":"1a1c01bbd47fc00a2c39e90264f33305004495a9","hash":"0ef2e2b701088d1e1096cc76b791f1c084864144"}
}
