TN:
SF:calculator.js
FN:1,(anonymous_0)
FNF:1
FNH:1
FNDA:5,(anonymous_0)
DA:1,1
DA:3,5
DA:4,1
DA:5,4
DA:6,1
DA:7,3
DA:8,1
DA:9,2
DA:10,1
DA:12,1
DA:15,5
DA:18,1
LF:12
LH:12
BRDA:3,0,0,1
BRDA:3,0,1,4
BRDA:5,1,0,1
BRDA:5,1,1,3
BRDA:7,2,0,1
BRDA:7,2,1,2
BRDA:9,3,0,1
BRDA:9,3,1,1
BRF:8
BRH:8
end_of_record
TN:
SF:index.js
FN:1,(anonymous_0)
FNF:1
FNH:1
FNDA:3,(anonymous_0)
DA:1,1
DA:2,3
DA:3,1
DA:5,2
DA:6,1
DA:8,1
DA:11,1
LF:7
LH:7
BRDA:2,0,0,1
BRDA:2,0,1,2
BRDA:5,1,0,1
BRDA:5,1,1,1
BRF:4
BRH:4
end_of_record
TN:
SF:reverse.js
FN:1,(anonymous_0)
FNF:1
FNH:1
FNDA:1,(anonymous_0)
DA:1,1
DA:2,1
DA:3,1
DA:4,5
DA:6,1
DA:9,1
LF:6
LH:6
BRF:0
BRH:0
end_of_record
